# JRE version: Java(TM) SE Runtime Environment (17.0.12+8) (build 17.0.12+8-LTS-286)
# Java VM: Java HotSpot(TM) 64-Bit Server VM (17.0.12+8-LTS-286, mixed mode, sharing, tiered, compressed oops, compressed class ptrs, g1 gc, windows-amd64)
GC Precious Log:
 CPUs: 4 total, 4 available
 Memory: 8110M
 Large Page Support: Disabled
 NUMA Support: Disabled
 Compressed Oops: Enabled (32-bit)
 Heap Region Size: 1M
 Heap Min Capacity: 256M
 Heap Initial Capacity: 256M
 Heap Max Capacity: 512M
 Pre-touch: Disabled
 Parallel Workers: 4
 Concurrent Workers: 1
 Concurrent Refinement Workers: 4
 Periodic GC: Disabled
Heap:
 garbage-first heap   total 262144K, used 113309K [0x00000000e0000000, 0x0000000100000000)
  region size 1024K, 75 young (76800K), 11 survivors (11264K)
 Metaspace       used 63317K, committed 64000K, reserved 393216K
  class space    used 8903K, committed 9216K, reserved 327680K
GC Heap History (16 events):
Event: 2.257 GC heap before
{Heap before GC invocations=0 (full 0):
 garbage-first heap   total 262144K, used 13312K [0x00000000e0000000, 0x0000000100000000)
  region size 1024K, 13 young (13312K), 0 survivors (0K)
 Metaspace       used 820K, committed 896K, reserved 393216K
  class space    used 66K, committed 128K, reserved 327680K
}
Event: 2.340 GC heap after
{Heap after GC invocations=1 (full 0):
 garbage-first heap   total 262144K, used 1404K [0x00000000e0000000, 0x0000000100000000)
  region size 1024K, 2 young (2048K), 2 survivors (2048K)
 Metaspace       used 820K, committed 896K, reserved 393216K
  class space    used 66K, committed 128K, reserved 327680K
}
Event: 5.643 GC heap before
{Heap before GC invocations=1 (full 0):
 garbage-first heap   total 262144K, used 21884K [0x00000000e0000000, 0x0000000100000000)
  region size 1024K, 20 young (20480K), 2 survivors (2048K)
 Metaspace       used 1585K, committed 1728K, reserved 393216K
  class space    used 135K, committed 192K, reserved 327680K
}
Event: 5.649 GC heap after
{Heap after GC invocations=2 (full 0):
 garbage-first heap   total 262144K, used 9675K [0x00000000e0000000, 0x0000000100000000)
  region size 1024K, 3 young (3072K), 3 survivors (3072K)
 Metaspace       used 1585K, committed 1728K, reserved 393216K
  class space    used 135K, committed 192K, reserved 327680K
}
Event: 16.973 GC heap before
{Heap before GC invocations=2 (full 0):
 garbage-first heap   total 262144K, used 165323K [0x00000000e0000000, 0x0000000100000000)
  region size 1024K, 153 young (156672K), 3 survivors (3072K)
 Metaspace       used 17736K, committed 18048K, reserved 393216K
  class space    used 2544K, committed 2688K, reserved 327680K
}
Event: 17.047 GC heap after
{Heap after GC invocations=3 (full 0):
 garbage-first heap   total 262144K, used 21655K [0x00000000e0000000, 0x0000000100000000)
  region size 1024K, 14 young (14336K), 14 survivors (14336K)
 Metaspace       used 17736K, committed 18048K, reserved 393216K
  class space    used 2544K, committed 2688K, reserved 327680K
}
Event: 22.043 GC heap before
{Heap before GC invocations=3 (full 0):
 garbage-first heap   total 262144K, used 51351K [0x00000000e0000000, 0x0000000100000000)
  region size 1024K, 45 young (46080K), 14 survivors (14336K)
 Metaspace       used 21175K, committed 21504K, reserved 393216K
  class space    used 3080K, committed 3264K, reserved 327680K
}
Event: 22.068 GC heap after
{Heap after GC invocations=4 (full 0):
 garbage-first heap   total 262144K, used 24305K [0x00000000e0000000, 0x0000000100000000)
  region size 1024K, 3 young (3072K), 3 survivors (3072K)
 Metaspace       used 21175K, committed 21504K, reserved 393216K
  class space    used 3080K, committed 3264K, reserved 327680K
}
Event: 33.663 GC heap before
{Heap before GC invocations=5 (full 0):
 garbage-first heap   total 262144K, used 145137K [0x00000000e0000000, 0x0000000100000000)
  region size 1024K, 118 young (120832K), 3 survivors (3072K)
 Metaspace       used 35600K, committed 35968K, reserved 393216K
  class space    used 4936K, committed 5120K, reserved 327680K
}
Event: 33.686 GC heap after
{Heap after GC invocations=6 (full 0):
 garbage-first heap   total 262144K, used 32097K [0x00000000e0000000, 0x0000000100000000)
  region size 1024K, 10 young (10240K), 10 survivors (10240K)
 Metaspace       used 35600K, committed 35968K, reserved 393216K
  class space    used 4936K, committed 5120K, reserved 327680K
}
Event: 65.213 GC heap before
{Heap before GC invocations=7 (full 0):
 garbage-first heap   total 262144K, used 177505K [0x00000000e0000000, 0x0000000100000000)
  region size 1024K, 153 young (156672K), 10 survivors (10240K)
 Metaspace       used 47550K, committed 48128K, reserved 393216K
  class space    used 6716K, committed 6976K, reserved 327680K
}
Event: 65.242 GC heap after
{Heap after GC invocations=8 (full 0):
 garbage-first heap   total 262144K, used 38654K [0x00000000e0000000, 0x0000000100000000)
  region size 1024K, 17 young (17408K), 17 survivors (17408K)
 Metaspace       used 47550K, committed 48128K, reserved 393216K
  class space    used 6716K, committed 6976K, reserved 327680K
}
Event: 76.957 GC heap before
{Heap before GC invocations=8 (full 0):
 garbage-first heap   total 262144K, used 179966K [0x00000000e0000000, 0x0000000100000000)
  region size 1024K, 153 young (156672K), 17 survivors (17408K)
 Metaspace       used 59539K, committed 60160K, reserved 393216K
  class space    used 8420K, committed 8704K, reserved 327680K
}
Event: 76.996 GC heap after
{Heap after GC invocations=9 (full 0):
 garbage-first heap   total 262144K, used 47447K [0x00000000e0000000, 0x0000000100000000)
  region size 1024K, 16 young (16384K), 16 survivors (16384K)
 Metaspace       used 59539K, committed 60160K, reserved 393216K
  class space    used 8420K, committed 8704K, reserved 327680K
}
Event: 77.516 GC heap before
{Heap before GC invocations=9 (full 0):
 garbage-first heap   total 262144K, used 67927K [0x00000000e0000000, 0x0000000100000000)
  region size 1024K, 37 young (37888K), 16 survivors (16384K)
 Metaspace       used 59693K, committed 60288K, reserved 393216K
  class space    used 8448K, committed 8704K, reserved 327680K
}
Event: 77.540 GC heap after
{Heap after GC invocations=10 (full 0):
 garbage-first heap   total 262144K, used 49821K [0x00000000e0000000, 0x0000000100000000)
  region size 1024K, 11 young (11264K), 11 survivors (11264K)
 Metaspace       used 59693K, committed 60288K, reserved 393216K
  class space    used 8448K, committed 8704K, reserved 327680K
}

